<?xml version="1.0" encoding="UTF-8"?>
<!-- Generated by org.testng.reporters.JUnitXMLReporter -->
<testsuite ignored="0" hostname="MacBook-Pro.local" failures="0" tests="4" name="Default test" time="0.095" errors="0" timestamp="2024-10-05T16:19:44 IST">
  <testcase classname="com.testngdemo.testannotation.ParametersOfTest" name="m4" time="0.012"/>
  <testcase classname="com.testngdemo.testannotation.ParametersOfTest" name="m1" time="0.003"/>
  <testcase classname="com.testngdemo.testannotation.ParametersOfTest" name="m3" time="0.003"/>
  <testcase classname="com.testngdemo.testannotation.ParametersOfTest" name="m2" time="0.002"/>
</testsuite> <!-- Default test -->
