<?xml version="1.0" encoding="UTF-8"?>
<!-- Generated by org.testng.reporters.JUnitXMLReporter -->
<testsuite ignored="1" hostname="MacBook-Pro.local" failures="0" tests="5" name="API Tests" time="0.111" errors="0" timestamp="2024-09-29T12:22:36 IST">
  <testcase classname="com.testngdemo.testannotation.ParametersOfTest" name="m2" time="0.012"/>
  <testcase classname="com.testngdemo.testannotation.ParametersOfTest" name="m3" time="0.002"/>
  <testcase classname="com.testngdemo.testannotation.ParametersOfTest" name="m4" time="0.004"/>
  <testcase classname="com.testngdemo.testannotation.ParametersOfTest" name="m5" time="0.002"/>
  <testcase classname="com.testngdemo.testannotation.ParametersOfTest" name="m6" time="0.001"/>
  <testcase classname="com.testngdemo.testannotation.ParametersOfTest" name="m1" time="0.0">
    <ignored/>
  </testcase> <!-- m1 -->
</testsuite> <!-- API Tests -->
