<?xml version="1.0" encoding="UTF-8"?>
<testng-results ignored="0" total="4" passed="4" failed="0" skipped="0">
  <reporter-output>
  </reporter-output>
  <suite started-at="2024-10-05T16:19:44 IST" name="Default suite" finished-at="2024-10-05T16:19:44 IST" duration-ms="95">
    <groups>
    </groups>
    <test started-at="2024-10-05T16:19:44 IST" name="Default test" finished-at="2024-10-05T16:19:44 IST" duration-ms="95">
      <class name="com.testngdemo.testannotation.ParametersOfTest">
        <test-method signature="m4()[pri:0, instance:com.testngdemo.testannotation.ParametersOfTest@654f0d9c]" started-at="2024-10-05T16:19:44 IST" name="m4" finished-at="2024-10-05T16:19:44 IST" duration-ms="12" status="PASS">
          <reporter-output>
          </reporter-output>
        </test-method> <!-- m4 -->
        <test-method signature="m1()[pri:0, instance:com.testngdemo.testannotation.ParametersOfTest@654f0d9c]" started-at="2024-10-05T16:19:44 IST" name="m1" finished-at="2024-10-05T16:19:44 IST" depends-on-methods="com.testngdemo.testannotation.ParametersOfTest.m4" duration-ms="3" status="PASS">
          <reporter-output>
          </reporter-output>
        </test-method> <!-- m1 -->
        <test-method signature="m3()[pri:0, instance:com.testngdemo.testannotation.ParametersOfTest@654f0d9c]" started-at="2024-10-05T16:19:44 IST" name="m3" finished-at="2024-10-05T16:19:44 IST" depends-on-methods="com.testngdemo.testannotation.ParametersOfTest.m1" duration-ms="3" status="PASS">
          <reporter-output>
          </reporter-output>
        </test-method> <!-- m3 -->
        <test-method signature="m2()[pri:0, instance:com.testngdemo.testannotation.ParametersOfTest@654f0d9c]" started-at="2024-10-05T16:19:44 IST" name="m2" finished-at="2024-10-05T16:19:44 IST" depends-on-methods="com.testngdemo.testannotation.ParametersOfTest.m3" duration-ms="2" status="PASS">
          <reporter-output>
          </reporter-output>
        </test-method> <!-- m2 -->
      </class> <!-- com.testngdemo.testannotation.ParametersOfTest -->
    </test> <!-- Default test -->
  </suite> <!-- Default suite -->
</testng-results>
